[ 10795.509] 
X.Org X Server 1.21.1.2
X Protocol Version 11, Revision 0
[ 10795.512] Current Operating System: Linux rohlik 5.15.10-artix1-1 #1 SMP PREEMPT Sat, 18 Dec 2021 00:44:03 +0000 x86_64
[ 10795.512] Kernel command line: BOOT_IMAGE=/vmlinuz-linux root=UUID=64a3b8e9-efa9-4c82-b563-f7da14982ac2 rw loglevel=3 quiet
[ 10795.513]  
[ 10795.514] Current version of pixman: 0.40.0
[ 10795.516] 	Before reporting problems, check http://wiki.x.org
	to make sure that you have the latest version.
[ 10795.516] Markers: (--) probed, (**) from config file, (==) default setting,
	(++) from command line, (!!) notice, (II) informational,
	(WW) warning, (EE) error, (NI) not implemented, (??) unknown.
[ 10795.520] (==) Log file: "/home/tomas/.local/share/xorg/Xorg.42.log", Time: Tue Dec 28 11:36:09 2021
[ 10795.522] (==) Using config directory: "/etc/X11/xorg.conf.d"
[ 10795.523] (==) Using system config directory "/usr/share/X11/xorg.conf.d"
[ 10795.523] (==) No Layout section.  Using the first Screen section.
[ 10795.523] (==) No screen section available. Using defaults.
[ 10795.523] (**) |-->Screen "Default Screen Section" (0)
[ 10795.523] (**) |   |-->Monitor "<default monitor>"
[ 10795.523] (==) No device specified for screen "Default Screen Section".
	Using the first device section listed.
[ 10795.523] (**) |   |-->Device "AMD"
[ 10795.523] (==) No monitor specified for screen "Default Screen Section".
	Using a default monitor configuration.
[ 10795.523] (==) Automatically adding devices
[ 10795.523] (==) Automatically enabling devices
[ 10795.523] (==) Automatically adding GPU devices
[ 10795.523] (==) Automatically binding GPU devices
[ 10795.523] (==) Max clients allowed: 256, resource mask: 0x1fffff
[ 10795.523] (WW) The directory "/usr/share/fonts/misc" does not exist.
[ 10795.523] 	Entry deleted from font path.
[ 10795.523] (WW) The directory "/usr/share/fonts/Type1" does not exist.
[ 10795.523] 	Entry deleted from font path.
[ 10795.523] (WW) The directory "/usr/share/fonts/100dpi" does not exist.
[ 10795.523] 	Entry deleted from font path.
[ 10795.523] (WW) The directory "/usr/share/fonts/75dpi" does not exist.
[ 10795.523] 	Entry deleted from font path.
[ 10795.523] (==) FontPath set to:
	/usr/share/fonts/TTF,
	/usr/share/fonts/OTF
[ 10795.523] (==) ModulePath set to "/usr/lib/xorg/modules"
[ 10795.523] (II) The server relies on udev to provide the list of input devices.
	If no devices become available, reconfigure udev or disable AutoAddDevices.
[ 10795.523] (II) Module ABI versions:
[ 10795.523] 	X.Org ANSI C Emulation: 0.4
[ 10795.523] 	X.Org Video Driver: 25.2
[ 10795.523] 	X.Org XInput driver : 24.4
[ 10795.523] 	X.Org Server Extension : 10.0
[ 10795.524] (++) using VT number 1

[ 10795.524] (II) systemd-logind: took control of session /org/freedesktop/login1/session/_343
[ 10795.524] (II) xfree86: Adding drm device (/dev/dri/card0)
[ 10795.524] (II) Platform probe for /sys/devices/pci0000:00/0000:00:01.0/0000:01:00.0/drm/card0
[ 10795.525] (II) systemd-logind: got fd for /dev/dri/card0 226:0 fd 11 paused 0
[ 10795.525] (--) PCI:*(1@0:0:0) 1002:699f:1043:0513 rev 199, Mem @ 0xe0000000/268435456, 0xf0000000/2097152, 0xf7e00000/262144, I/O @ 0x0000e000/256, BIOS @ 0x????????/131072
[ 10795.525] (WW) Open ACPI failed (/var/run/acpid.socket) (No such file or directory)
[ 10795.526] (II) LoadModule: "glx"
[ 10795.526] (II) Loading /usr/lib/xorg/modules/extensions/libglx.so
[ 10795.526] (II) Module glx: vendor="X.Org Foundation"
[ 10795.526] 	compiled for 1.21.1.2, module version = 1.0.0
[ 10795.526] 	ABI class: X.Org Server Extension, version 10.0
[ 10795.526] (II) LoadModule: "amdgpu"
[ 10795.526] (II) Loading /usr/lib/xorg/modules/drivers/amdgpu_drv.so
[ 10795.528] (II) Module amdgpu: vendor="X.Org Foundation"
[ 10795.528] 	compiled for 1.21.1, module version = 21.0.0
[ 10795.528] 	Module class: X.Org Video Driver
[ 10795.528] 	ABI class: X.Org Video Driver, version 25.2
[ 10795.528] (II) AMDGPU: Driver for AMD Radeon:
	All GPUs supported by the amdgpu kernel driver
[ 10795.528] (WW) VGA arbiter: cannot open kernel arbiter, no multi-card support
[ 10795.528] (II) AMDGPU(0): Creating default Display subsection in Screen section
	"Default Screen Section" for depth/fbbpp 24/32
[ 10795.528] (==) AMDGPU(0): Depth 24, (--) framebuffer bpp 32
[ 10795.528] (II) AMDGPU(0): Pixel depth = 24 bits stored in 4 bytes (32 bpp pixmaps)
[ 10795.528] (==) AMDGPU(0): Default visual is TrueColor
[ 10795.528] (==) AMDGPU(0): RGB weight 888
[ 10795.528] (II) AMDGPU(0): Using 8 bits per RGB (8 bit DAC)
[ 10795.528] (--) AMDGPU(0): Chipset: "AMD Radeon RX 550 / 550 Series" (ChipID = 0x699f)
[ 10795.528] (II) Loading sub module "fb"
[ 10795.528] (II) LoadModule: "fb"
[ 10795.528] (II) Module "fb" already built-in
[ 10795.528] (II) Loading sub module "dri2"
[ 10795.528] (II) LoadModule: "dri2"
[ 10795.528] (II) Module "dri2" already built-in
[ 10795.542] (II) Loading sub module "glamoregl"
[ 10795.542] (II) LoadModule: "glamoregl"
[ 10795.542] (II) Loading /usr/lib/xorg/modules/libglamoregl.so
[ 10795.545] (II) Module glamoregl: vendor="X.Org Foundation"
[ 10795.545] 	compiled for 1.21.1.2, module version = 1.0.1
[ 10795.545] 	ABI class: X.Org ANSI C Emulation, version 0.4
[ 10795.550] (II) AMDGPU(0): glamor X acceleration enabled on AMD Radeon RX 550 / 550 Series (POLARIS12, DRM 3.42.0, 5.15.10-artix1-1, LLVM 13.0.0)
[ 10795.550] (II) AMDGPU(0): glamor detected, initialising EGL layer.
[ 10795.550] (==) AMDGPU(0): TearFree property default: auto
[ 10795.550] (==) AMDGPU(0): VariableRefresh: disabled
[ 10795.550] (II) AMDGPU(0): KMS Pageflipping: enabled
[ 10795.550] (II) AMDGPU(0): Output DisplayPort-0 has no monitor section
[ 10795.550] (II) AMDGPU(0): Output HDMI-A-0 has no monitor section
[ 10795.550] (II) AMDGPU(0): Output DVI-D-0 has no monitor section
[ 10795.568] (II) AMDGPU(0): EDID for output DisplayPort-0
[ 10795.569] (II) AMDGPU(0): EDID for output HDMI-A-0
[ 10795.569] (II) AMDGPU(0): Manufacturer: BNQ  Model: 78e5  Serial#: 21573
[ 10795.569] (II) AMDGPU(0): Year: 2017  Week: 20
[ 10795.569] (II) AMDGPU(0): EDID Version: 1.3
[ 10795.569] (II) AMDGPU(0): Digital Display Input
[ 10795.569] (II) AMDGPU(0): Max Image Size [cm]: horiz.: 54  vert.: 30
[ 10795.569] (II) AMDGPU(0): Gamma: 2.20
[ 10795.569] (II) AMDGPU(0): DPMS capabilities: Off
[ 10795.569] (II) AMDGPU(0): Supported color encodings: RGB 4:4:4 YCrCb 4:4:4 
[ 10795.569] (II) AMDGPU(0): Default color space is primary color space
[ 10795.569] (II) AMDGPU(0): First detailed timing is preferred mode
[ 10795.569] (II) AMDGPU(0): redX: 0.654 redY: 0.333   greenX: 0.324 greenY: 0.625
[ 10795.569] (II) AMDGPU(0): blueX: 0.157 blueY: 0.075   whiteX: 0.313 whiteY: 0.329
[ 10795.569] (II) AMDGPU(0): Supported established timings:
[ 10795.569] (II) AMDGPU(0): 720x400@70Hz
[ 10795.569] (II) AMDGPU(0): 640x480@60Hz
[ 10795.569] (II) AMDGPU(0): 640x480@75Hz
[ 10795.569] (II) AMDGPU(0): 800x600@60Hz
[ 10795.569] (II) AMDGPU(0): 800x600@75Hz
[ 10795.569] (II) AMDGPU(0): 832x624@75Hz
[ 10795.569] (II) AMDGPU(0): 1024x768@60Hz
[ 10795.569] (II) AMDGPU(0): 1024x768@75Hz
[ 10795.569] (II) AMDGPU(0): 1280x1024@75Hz
[ 10795.569] (II) AMDGPU(0): 1152x864@75Hz
[ 10795.569] (II) AMDGPU(0): Manufacturer's mask: 0
[ 10795.569] (II) AMDGPU(0): Supported standard timings:
[ 10795.569] (II) AMDGPU(0): #0: hsize: 1920  vsize 1080  refresh: 60  vid: 49361
[ 10795.569] (II) AMDGPU(0): #1: hsize: 1280  vsize 720  refresh: 60  vid: 49281
[ 10795.569] (II) AMDGPU(0): #2: hsize: 1280  vsize 800  refresh: 60  vid: 129
[ 10795.569] (II) AMDGPU(0): #3: hsize: 1280  vsize 1024  refresh: 60  vid: 32897
[ 10795.569] (II) AMDGPU(0): #4: hsize: 1600  vsize 900  refresh: 60  vid: 49321
[ 10795.569] (II) AMDGPU(0): #5: hsize: 1680  vsize 1050  refresh: 60  vid: 179
[ 10795.569] (II) AMDGPU(0): Supported detailed timing:
[ 10795.569] (II) AMDGPU(0): clock: 148.5 MHz   Image Size:  544 x 303 mm
[ 10795.569] (II) AMDGPU(0): h_active: 1920  h_sync: 2008  h_sync_end 2052 h_blank_end 2200 h_border: 0
[ 10795.569] (II) AMDGPU(0): v_active: 1080  v_sync: 1084  v_sync_end 1089 v_blanking: 1125 v_border: 0
[ 10795.569] (II) AMDGPU(0): Serial No: W5H03444SL0
[ 10795.569] (II) AMDGPU(0): Ranges: V min: 50 V max: 76 Hz, H min: 30 H max: 83 kHz, PixClock max 175 MHz
[ 10795.569] (II) AMDGPU(0): Monitor name: BenQ GL2580
[ 10795.569] (II) AMDGPU(0): Supported detailed timing:
[ 10795.569] (II) AMDGPU(0): clock: 148.5 MHz   Image Size:  544 x 303 mm
[ 10795.569] (II) AMDGPU(0): h_active: 1920  h_sync: 2008  h_sync_end 2052 h_blank_end 2200 h_border: 0
[ 10795.569] (II) AMDGPU(0): v_active: 1080  v_sync: 1084  v_sync_end 1089 v_blanking: 1125 v_border: 0
[ 10795.569] (II) AMDGPU(0): Supported detailed timing:
[ 10795.569] (II) AMDGPU(0): clock: 74.2 MHz   Image Size:  544 x 303 mm
[ 10795.569] (II) AMDGPU(0): h_active: 1920  h_sync: 2008  h_sync_end 2052 h_blank_end 2200 h_border: 0
[ 10795.569] (II) AMDGPU(0): v_active: 540  v_sync: 542  v_sync_end 547 v_blanking: 562 v_border: 0
[ 10795.569] (II) AMDGPU(0): Supported detailed timing:
[ 10795.569] (II) AMDGPU(0): clock: 74.2 MHz   Image Size:  544 x 303 mm
[ 10795.569] (II) AMDGPU(0): h_active: 1280  h_sync: 1390  h_sync_end 1430 h_blank_end 1650 h_border: 0
[ 10795.569] (II) AMDGPU(0): v_active: 720  v_sync: 725  v_sync_end 730 v_blanking: 750 v_border: 0
[ 10795.569] (II) AMDGPU(0): Supported detailed timing:
[ 10795.569] (II) AMDGPU(0): clock: 27.0 MHz   Image Size:  544 x 303 mm
[ 10795.569] (II) AMDGPU(0): h_active: 720  h_sync: 736  h_sync_end 798 h_blank_end 858 h_border: 0
[ 10795.569] (II) AMDGPU(0): v_active: 480  v_sync: 489  v_sync_end 495 v_blanking: 525 v_border: 0
[ 10795.569] (II) AMDGPU(0): Number of EDID sections to follow: 1
[ 10795.569] (II) AMDGPU(0): EDID (in hex):
[ 10795.569] (II) AMDGPU(0): 	00ffffffffffff0009d1e57845540000
[ 10795.569] (II) AMDGPU(0): 	141b010380361e782e9055a75553a028
[ 10795.569] (II) AMDGPU(0): 	135054a56b80d1c081c081008180a9c0
[ 10795.569] (II) AMDGPU(0): 	b30001010101023a801871382d40582c
[ 10795.569] (II) AMDGPU(0): 	4500202f2100001e000000ff00573548
[ 10795.569] (II) AMDGPU(0): 	3033343434534c300a20000000fd0032
[ 10795.569] (II) AMDGPU(0): 	4c1e5311000a202020202020000000fc
[ 10795.569] (II) AMDGPU(0): 	0042656e5120474c323538300a2001f0
[ 10795.569] (II) AMDGPU(0): 	020322f14f901f051404130312071615
[ 10795.569] (II) AMDGPU(0): 	01061102230907078301000065030c00
[ 10795.569] (II) AMDGPU(0): 	1000023a801871382d40582c4500202f
[ 10795.569] (II) AMDGPU(0): 	2100001e011d8018711c1620582c2500
[ 10795.569] (II) AMDGPU(0): 	202f2100009e011d007251d01e206e28
[ 10795.569] (II) AMDGPU(0): 	5500202f2100001e8c0ad08a20e02d10
[ 10795.569] (II) AMDGPU(0): 	103e9600202f21000018000000000000
[ 10795.569] (II) AMDGPU(0): 	000000000000000000000000000000a5
[ 10795.569] (II) AMDGPU(0): Printing probed modes for output HDMI-A-0
[ 10795.569] (II) AMDGPU(0): Modeline "1920x1080"x60.0  148.50  1920 2008 2052 2200  1080 1084 1089 1125 +hsync +vsync (67.5 kHz eP)
[ 10795.569] (II) AMDGPU(0): Modeline "1920x1080"x50.0  148.50  1920 2448 2492 2640  1080 1084 1089 1125 +hsync +vsync (56.2 kHz e)
[ 10795.569] (II) AMDGPU(0): Modeline "1920x1080"x59.9  148.35  1920 2008 2052 2200  1080 1084 1089 1125 +hsync +vsync (67.4 kHz e)
[ 10795.569] (II) AMDGPU(0): Modeline "1680x1050"x59.9  119.00  1680 1728 1760 1840  1050 1053 1059 1080 +hsync -vsync (64.7 kHz e)
[ 10795.569] (II) AMDGPU(0): Modeline "1600x900"x60.0  108.00  1600 1624 1704 1800  900 901 904 1000 +hsync +vsync (60.0 kHz e)
[ 10795.569] (II) AMDGPU(0): Modeline "1280x1024"x75.0  135.00  1280 1296 1440 1688  1024 1025 1028 1066 +hsync +vsync (80.0 kHz e)
[ 10795.569] (II) AMDGPU(0): Modeline "1280x1024"x60.0  108.00  1280 1328 1440 1688  1024 1025 1028 1066 +hsync +vsync (64.0 kHz e)
[ 10795.569] (II) AMDGPU(0): Modeline "1440x900"x60.0  148.50  1440 2008 2052 2200  900 1084 1089 1125 +hsync +vsync (67.5 kHz e)
[ 10795.569] (II) AMDGPU(0): Modeline "1280x800"x59.9   71.00  1280 1328 1360 1440  800 803 809 823 +hsync -vsync (49.3 kHz e)
[ 10795.569] (II) AMDGPU(0): Modeline "1152x864"x75.0  108.00  1152 1216 1344 1600  864 865 868 900 +hsync +vsync (67.5 kHz e)
[ 10795.569] (II) AMDGPU(0): Modeline "1280x720"x60.0   74.25  1280 1390 1430 1650  720 725 730 750 +hsync +vsync (45.0 kHz e)
[ 10795.569] (II) AMDGPU(0): Modeline "1280x720"x50.0   74.25  1280 1720 1760 1980  720 725 730 750 +hsync +vsync (37.5 kHz e)
[ 10795.569] (II) AMDGPU(0): Modeline "1280x720"x59.9   74.18  1280 1390 1430 1650  720 725 730 750 +hsync +vsync (45.0 kHz e)
[ 10795.569] (II) AMDGPU(0): Modeline "1024x768"x75.0   78.75  1024 1040 1136 1312  768 769 772 800 +hsync +vsync (60.0 kHz e)
[ 10795.569] (II) AMDGPU(0): Modeline "1024x768"x60.0   65.00  1024 1048 1184 1344  768 771 777 806 -hsync -vsync (48.4 kHz e)
[ 10795.569] (II) AMDGPU(0): Modeline "832x624"x74.6   57.28  832 864 928 1152  624 625 628 667 -hsync -vsync (49.7 kHz e)
[ 10795.569] (II) AMDGPU(0): Modeline "800x600"x75.0   49.50  800 816 896 1056  600 601 604 625 +hsync +vsync (46.9 kHz e)
[ 10795.569] (II) AMDGPU(0): Modeline "800x600"x60.3   40.00  800 840 968 1056  600 601 605 628 +hsync +vsync (37.9 kHz e)
[ 10795.569] (II) AMDGPU(0): Modeline "720x576"x50.0   27.00  720 732 796 864  576 581 586 625 -hsync -vsync (31.2 kHz e)
[ 10795.569] (II) AMDGPU(0): Modeline "720x480"x60.0   27.03  720 736 798 858  480 489 495 525 -hsync -vsync (31.5 kHz e)
[ 10795.569] (II) AMDGPU(0): Modeline "720x480"x59.9   27.00  720 736 798 858  480 489 495 525 -hsync -vsync (31.5 kHz e)
[ 10795.569] (II) AMDGPU(0): Modeline "640x480"x75.0   31.50  640 656 720 840  480 481 484 500 -hsync -vsync (37.5 kHz e)
[ 10795.569] (II) AMDGPU(0): Modeline "640x480"x60.0   25.20  640 656 752 800  480 490 492 525 -hsync -vsync (31.5 kHz e)
[ 10795.569] (II) AMDGPU(0): Modeline "640x480"x59.9   25.18  640 656 752 800  480 490 492 525 -hsync -vsync (31.5 kHz e)
[ 10795.569] (II) AMDGPU(0): Modeline "720x400"x70.1   28.32  720 738 846 900  400 412 414 449 -hsync +vsync (31.5 kHz e)
[ 10795.569] (II) AMDGPU(0): EDID for output DVI-D-0
[ 10795.569] (II) AMDGPU(0): Output DisplayPort-0 disconnected
[ 10795.569] (II) AMDGPU(0): Output HDMI-A-0 connected
[ 10795.569] (II) AMDGPU(0): Output DVI-D-0 disconnected
[ 10795.569] (II) AMDGPU(0): Using exact sizes for initial modes
[ 10795.569] (II) AMDGPU(0): Output HDMI-A-0 using initial mode 1920x1080 +0+0
[ 10795.569] (II) AMDGPU(0): mem size init: gart size :ff86b000 vram size: s:feae7000 visible:f5e7000
[ 10795.569] (==) AMDGPU(0): DPI set to (96, 96)
[ 10795.569] (==) AMDGPU(0): Using gamma correction (1.0, 1.0, 1.0)
[ 10795.569] (II) Loading sub module "ramdac"
[ 10795.569] (II) LoadModule: "ramdac"
[ 10795.569] (II) Module "ramdac" already built-in
[ 10795.569] (II) AMDGPU(0): [DRI2] Setup complete
[ 10795.569] (II) AMDGPU(0): [DRI2]   DRI driver: radeonsi
[ 10795.569] (II) AMDGPU(0): [DRI2]   VDPAU driver: radeonsi
[ 10795.569] (II) AMDGPU(0): Front buffer pitch: 7680 bytes
[ 10795.569] (II) AMDGPU(0): SYNC extension fences enabled
[ 10795.569] (II) AMDGPU(0): Present extension enabled
[ 10795.569] (==) AMDGPU(0): DRI3 enabled
[ 10795.569] (==) AMDGPU(0): Backing store enabled
[ 10795.569] (II) AMDGPU(0): Direct rendering enabled
[ 10795.574] (II) AMDGPU(0): Use GLAMOR acceleration.
[ 10795.574] (II) AMDGPU(0): Acceleration enabled
[ 10795.574] (==) AMDGPU(0): DPMS enabled
[ 10795.574] (==) AMDGPU(0): Silken mouse enabled
[ 10795.574] (II) AMDGPU(0): Set up textured video (glamor)
[ 10795.585] (II) Initializing extension Generic Event Extension
[ 10795.585] (II) Initializing extension SHAPE
[ 10795.585] (II) Initializing extension MIT-SHM
[ 10795.586] (II) Initializing extension XInputExtension
[ 10795.586] (II) Initializing extension XTEST
[ 10795.586] (II) Initializing extension BIG-REQUESTS
[ 10795.586] (II) Initializing extension SYNC
[ 10795.586] (II) Initializing extension XKEYBOARD
[ 10795.586] (II) Initializing extension XC-MISC
[ 10795.586] (II) Initializing extension SECURITY
[ 10795.586] (II) Initializing extension XFIXES
[ 10795.586] (II) Initializing extension RENDER
[ 10795.586] (II) Initializing extension RANDR
[ 10795.586] (II) Initializing extension COMPOSITE
[ 10795.586] (II) Initializing extension DAMAGE
[ 10795.587] (II) Initializing extension MIT-SCREEN-SAVER
[ 10795.587] (II) Initializing extension DOUBLE-BUFFER
[ 10795.587] (II) Initializing extension RECORD
[ 10795.587] (II) Initializing extension DPMS
[ 10795.587] (II) Initializing extension Present
[ 10795.587] (II) Initializing extension DRI3
[ 10795.587] (II) Initializing extension X-Resource
[ 10795.587] (II) Initializing extension XVideo
[ 10795.587] (II) Initializing extension XVideo-MotionCompensation
[ 10795.587] (II) Initializing extension GLX
[ 10795.591] (II) AIGLX: Loaded and initialized radeonsi
[ 10795.591] (II) GLX: Initialized DRI2 GL provider for screen 0
[ 10795.591] (II) Initializing extension XFree86-VidModeExtension
[ 10795.591] (II) Initializing extension XFree86-DGA
[ 10795.591] (II) Initializing extension XFree86-DRI
[ 10795.591] (II) Initializing extension DRI2
[ 10795.591] (II) AMDGPU(0): Setting screen physical size to 508 x 285
[ 10795.643] (II) config/udev: Adding input device Power Button (/dev/input/event2)
[ 10795.644] (**) Power Button: Applying InputClass "libinput keyboard catchall"
[ 10795.644] (II) LoadModule: "libinput"
[ 10795.644] (II) Loading /usr/lib/xorg/modules/input/libinput_drv.so
[ 10795.645] (II) Module libinput: vendor="X.Org Foundation"
[ 10795.645] 	compiled for 1.21.1, module version = 1.2.0
[ 10795.645] 	Module class: X.Org XInput Driver
[ 10795.645] 	ABI class: X.Org XInput driver, version 24.4
[ 10795.645] (II) Using input driver 'libinput' for 'Power Button'
[ 10795.645] (II) systemd-logind: got fd for /dev/input/event2 13:66 fd 25 paused 0
[ 10795.645] (**) Power Button: always reports core events
[ 10795.645] (**) Option "Device" "/dev/input/event2"
[ 10795.645] (**) Option "_source" "server/udev"
[ 10795.647] (II) event2  - Power Button: is tagged by udev as: Keyboard
[ 10795.647] (II) event2  - Power Button: device is a keyboard
[ 10795.647] (II) event2  - Power Button: device removed
[ 10795.647] (**) Option "config_info" "udev:/sys/devices/LNXSYSTM:00/LNXPWRBN:00/input/input2/event2"
[ 10795.647] (II) XINPUT: Adding extended input device "Power Button" (type: KEYBOARD, id 6)
[ 10795.647] (II) event2  - Power Button: is tagged by udev as: Keyboard
[ 10795.647] (II) event2  - Power Button: device is a keyboard
[ 10795.648] (II) config/udev: Adding input device Power Button (/dev/input/event1)
[ 10795.648] (**) Power Button: Applying InputClass "libinput keyboard catchall"
[ 10795.648] (II) Using input driver 'libinput' for 'Power Button'
[ 10795.648] (II) systemd-logind: got fd for /dev/input/event1 13:65 fd 28 paused 0
[ 10795.648] (**) Power Button: always reports core events
[ 10795.648] (**) Option "Device" "/dev/input/event1"
[ 10795.648] (**) Option "_source" "server/udev"
[ 10795.649] (II) event1  - Power Button: is tagged by udev as: Keyboard
[ 10795.649] (II) event1  - Power Button: device is a keyboard
[ 10795.649] (II) event1  - Power Button: device removed
[ 10795.649] (**) Option "config_info" "udev:/sys/devices/LNXSYSTM:00/LNXSYBUS:00/PNP0C0C:00/input/input1/event1"
[ 10795.649] (II) XINPUT: Adding extended input device "Power Button" (type: KEYBOARD, id 7)
[ 10795.650] (II) event1  - Power Button: is tagged by udev as: Keyboard
[ 10795.650] (II) event1  - Power Button: device is a keyboard
[ 10795.650] (II) config/udev: Adding input device Sleep Button (/dev/input/event0)
[ 10795.650] (**) Sleep Button: Applying InputClass "libinput keyboard catchall"
[ 10795.650] (II) Using input driver 'libinput' for 'Sleep Button'
[ 10795.651] (II) systemd-logind: got fd for /dev/input/event0 13:64 fd 29 paused 0
[ 10795.651] (**) Sleep Button: always reports core events
[ 10795.651] (**) Option "Device" "/dev/input/event0"
[ 10795.651] (**) Option "_source" "server/udev"
[ 10795.651] (II) event0  - Sleep Button: is tagged by udev as: Keyboard
[ 10795.651] (II) event0  - Sleep Button: device is a keyboard
[ 10795.651] (II) event0  - Sleep Button: device removed
[ 10795.651] (**) Option "config_info" "udev:/sys/devices/LNXSYSTM:00/LNXSYBUS:00/PNP0C0E:00/input/input0/event0"
[ 10795.651] (II) XINPUT: Adding extended input device "Sleep Button" (type: KEYBOARD, id 8)
[ 10795.652] (II) event0  - Sleep Button: is tagged by udev as: Keyboard
[ 10795.652] (II) event0  - Sleep Button: device is a keyboard
[ 10795.653] (II) config/udev: Adding input device HDA ATI HDMI HDMI/DP,pcm=7 (/dev/input/event10)
[ 10795.653] (II) No input driver specified, ignoring this device.
[ 10795.653] (II) This device may have been added with another device file.
[ 10795.653] (II) config/udev: Adding input device HDA ATI HDMI HDMI/DP,pcm=8 (/dev/input/event11)
[ 10795.653] (II) No input driver specified, ignoring this device.
[ 10795.653] (II) This device may have been added with another device file.
[ 10795.653] (II) config/udev: Adding input device HDA ATI HDMI HDMI/DP,pcm=9 (/dev/input/event12)
[ 10795.653] (II) No input driver specified, ignoring this device.
[ 10795.653] (II) This device may have been added with another device file.
[ 10795.653] (II) config/udev: Adding input device HDA ATI HDMI HDMI/DP,pcm=10 (/dev/input/event13)
[ 10795.653] (II) No input driver specified, ignoring this device.
[ 10795.653] (II) This device may have been added with another device file.
[ 10795.654] (II) config/udev: Adding input device HDA ATI HDMI HDMI/DP,pcm=3 (/dev/input/event9)
[ 10795.654] (II) No input driver specified, ignoring this device.
[ 10795.654] (II) This device may have been added with another device file.
[ 10795.654] (II) config/udev: Adding input device HID 0b38:0010 (/dev/input/event3)
[ 10795.654] (**) HID 0b38:0010: Applying InputClass "libinput keyboard catchall"
[ 10795.654] (II) Using input driver 'libinput' for 'HID 0b38:0010'
[ 10795.655] (II) systemd-logind: got fd for /dev/input/event3 13:67 fd 30 paused 0
[ 10795.655] (**) HID 0b38:0010: always reports core events
[ 10795.655] (**) Option "Device" "/dev/input/event3"
[ 10795.655] (**) Option "_source" "server/udev"
[ 10795.655] (II) event3  - HID 0b38:0010: is tagged by udev as: Keyboard
[ 10795.656] (II) event3  - HID 0b38:0010: device is a keyboard
[ 10795.656] (II) event3  - HID 0b38:0010: device removed
[ 10795.656] (**) Option "config_info" "udev:/sys/devices/pci0000:00/0000:00:14.0/usb1/1-3/1-3:1.0/0003:0B38:0010.0001/input/input3/event3"
[ 10795.656] (II) XINPUT: Adding extended input device "HID 0b38:0010" (type: KEYBOARD, id 9)
[ 10795.657] (II) event3  - HID 0b38:0010: is tagged by udev as: Keyboard
[ 10795.657] (II) event3  - HID 0b38:0010: device is a keyboard
[ 10795.658] (II) config/udev: Adding input device HID 0b38:0010 System Control (/dev/input/event4)
[ 10795.658] (**) HID 0b38:0010 System Control: Applying InputClass "libinput keyboard catchall"
[ 10795.658] (II) Using input driver 'libinput' for 'HID 0b38:0010 System Control'
[ 10795.658] (II) systemd-logind: got fd for /dev/input/event4 13:68 fd 31 paused 0
[ 10795.658] (**) HID 0b38:0010 System Control: always reports core events
[ 10795.658] (**) Option "Device" "/dev/input/event4"
[ 10795.658] (**) Option "_source" "server/udev"
[ 10795.659] (II) event4  - HID 0b38:0010 System Control: is tagged by udev as: Keyboard
[ 10795.659] (II) event4  - HID 0b38:0010 System Control: device is a keyboard
[ 10795.659] (II) event4  - HID 0b38:0010 System Control: device removed
[ 10795.659] (**) Option "config_info" "udev:/sys/devices/pci0000:00/0000:00:14.0/usb1/1-3/1-3:1.1/0003:0B38:0010.0002/input/input4/event4"
[ 10795.659] (II) XINPUT: Adding extended input device "HID 0b38:0010 System Control" (type: KEYBOARD, id 10)
[ 10795.660] (II) event4  - HID 0b38:0010 System Control: is tagged by udev as: Keyboard
[ 10795.660] (II) event4  - HID 0b38:0010 System Control: device is a keyboard
[ 10795.661] (II) config/udev: Adding input device HID 0b38:0010 Consumer Control (/dev/input/event5)
[ 10795.661] (**) HID 0b38:0010 Consumer Control: Applying InputClass "libinput keyboard catchall"
[ 10795.661] (II) Using input driver 'libinput' for 'HID 0b38:0010 Consumer Control'
[ 10795.661] (II) systemd-logind: got fd for /dev/input/event5 13:69 fd 32 paused 0
[ 10795.661] (**) HID 0b38:0010 Consumer Control: always reports core events
[ 10795.661] (**) Option "Device" "/dev/input/event5"
[ 10795.661] (**) Option "_source" "server/udev"
[ 10795.662] (II) event5  - HID 0b38:0010 Consumer Control: is tagged by udev as: Keyboard
[ 10795.662] (II) event5  - HID 0b38:0010 Consumer Control: device is a keyboard
[ 10795.662] (II) event5  - HID 0b38:0010 Consumer Control: device removed
[ 10795.662] (II) libinput: HID 0b38:0010 Consumer Control: needs a virtual subdevice
[ 10795.662] (**) Option "config_info" "udev:/sys/devices/pci0000:00/0000:00:14.0/usb1/1-3/1-3:1.1/0003:0B38:0010.0002/input/input5/event5"
[ 10795.662] (II) XINPUT: Adding extended input device "HID 0b38:0010 Consumer Control" (type: MOUSE, id 11)
[ 10795.662] (**) Option "AccelerationScheme" "none"
[ 10795.662] (**) HID 0b38:0010 Consumer Control: (accel) selected scheme none/0
[ 10795.662] (**) HID 0b38:0010 Consumer Control: (accel) acceleration factor: 2.000
[ 10795.662] (**) HID 0b38:0010 Consumer Control: (accel) acceleration threshold: 4
[ 10795.663] (II) event5  - HID 0b38:0010 Consumer Control: is tagged by udev as: Keyboard
[ 10795.663] (II) event5  - HID 0b38:0010 Consumer Control: device is a keyboard
[ 10795.664] (II) config/udev: Adding input device USB Optical Mouse (/dev/input/event6)
[ 10795.664] (**) USB Optical Mouse: Applying InputClass "libinput pointer catchall"
[ 10795.664] (II) Using input driver 'libinput' for 'USB Optical Mouse'
[ 10795.721] (II) systemd-logind: got fd for /dev/input/event6 13:70 fd 33 paused 0
[ 10795.721] (**) USB Optical Mouse: always reports core events
[ 10795.721] (**) Option "Device" "/dev/input/event6"
[ 10795.721] (**) Option "_source" "server/udev"
[ 10795.724] (II) event6  - USB Optical Mouse: is tagged by udev as: Mouse
[ 10795.725] (II) event6  - USB Optical Mouse: device is a pointer
[ 10795.725] (II) event6  - USB Optical Mouse: device removed
[ 10795.725] (**) Option "config_info" "udev:/sys/devices/pci0000:00/0000:00:14.0/usb1/1-6/1-6:1.0/0003:0461:4D20.0004/input/input6/event6"
[ 10795.725] (II) XINPUT: Adding extended input device "USB Optical Mouse" (type: MOUSE, id 12)
[ 10795.726] (**) Option "AccelerationScheme" "none"
[ 10795.726] (**) USB Optical Mouse: (accel) selected scheme none/0
[ 10795.726] (**) USB Optical Mouse: (accel) acceleration factor: 2.000
[ 10795.726] (**) USB Optical Mouse: (accel) acceleration threshold: 4
[ 10795.729] (II) event6  - USB Optical Mouse: is tagged by udev as: Mouse
[ 10795.729] (II) event6  - USB Optical Mouse: device is a pointer
[ 10795.731] (II) config/udev: Adding input device USB Optical Mouse (/dev/input/mouse0)
[ 10795.732] (II) No input driver specified, ignoring this device.
[ 10795.732] (II) This device may have been added with another device file.
[ 10795.732] (II) config/udev: Adding input device HDA Intel PCH Front Mic (/dev/input/event14)
[ 10795.733] (II) No input driver specified, ignoring this device.
[ 10795.733] (II) This device may have been added with another device file.
[ 10795.733] (II) config/udev: Adding input device HDA Intel PCH Rear Mic (/dev/input/event15)
[ 10795.733] (II) No input driver specified, ignoring this device.
[ 10795.733] (II) This device may have been added with another device file.
[ 10795.734] (II) config/udev: Adding input device HDA Intel PCH Line (/dev/input/event16)
[ 10795.734] (II) No input driver specified, ignoring this device.
[ 10795.734] (II) This device may have been added with another device file.
[ 10795.735] (II) config/udev: Adding input device HDA Intel PCH Line Out Front (/dev/input/event17)
[ 10795.735] (II) No input driver specified, ignoring this device.
[ 10795.735] (II) This device may have been added with another device file.
[ 10795.736] (II) config/udev: Adding input device HDA Intel PCH Line Out Surround (/dev/input/event18)
[ 10795.736] (II) No input driver specified, ignoring this device.
[ 10795.736] (II) This device may have been added with another device file.
[ 10795.737] (II) config/udev: Adding input device HDA Intel PCH Line Out CLFE (/dev/input/event19)
[ 10795.737] (II) No input driver specified, ignoring this device.
[ 10795.737] (II) This device may have been added with another device file.
[ 10795.738] (II) config/udev: Adding input device HDA Intel PCH Line Out Side (/dev/input/event20)
[ 10795.738] (II) No input driver specified, ignoring this device.
[ 10795.738] (II) This device may have been added with another device file.
[ 10795.739] (II) config/udev: Adding input device HDA Intel PCH Front Headphone (/dev/input/event21)
[ 10795.739] (II) No input driver specified, ignoring this device.
[ 10795.739] (II) This device may have been added with another device file.
[ 10795.740] (II) config/udev: Adding input device Eee PC WMI hotkeys (/dev/input/event8)
[ 10795.740] (**) Eee PC WMI hotkeys: Applying InputClass "libinput keyboard catchall"
[ 10795.740] (II) Using input driver 'libinput' for 'Eee PC WMI hotkeys'
[ 10795.741] (II) systemd-logind: got fd for /dev/input/event8 13:72 fd 34 paused 0
[ 10795.741] (**) Eee PC WMI hotkeys: always reports core events
[ 10795.741] (**) Option "Device" "/dev/input/event8"
[ 10795.741] (**) Option "_source" "server/udev"
[ 10795.743] (II) event8  - Eee PC WMI hotkeys: is tagged by udev as: Keyboard
[ 10795.743] (II) event8  - Eee PC WMI hotkeys: device is a keyboard
[ 10795.744] (II) event8  - Eee PC WMI hotkeys: device removed
[ 10795.744] (**) Option "config_info" "udev:/sys/devices/platform/eeepc-wmi/input/input8/event8"
[ 10795.744] (II) XINPUT: Adding extended input device "Eee PC WMI hotkeys" (type: KEYBOARD, id 13)
[ 10795.746] (II) event8  - Eee PC WMI hotkeys: is tagged by udev as: Keyboard
[ 10795.746] (II) event8  - Eee PC WMI hotkeys: device is a keyboard
[ 10795.748] (II) config/udev: Adding input device PC Speaker (/dev/input/event7)
[ 10795.748] (II) No input driver specified, ignoring this device.
[ 10795.748] (II) This device may have been added with another device file.
[ 10795.758] (**) HID 0b38:0010 Consumer Control: Applying InputClass "libinput keyboard catchall"
[ 10795.758] (II) Using input driver 'libinput' for 'HID 0b38:0010 Consumer Control'
[ 10795.758] (II) systemd-logind: returning pre-existing fd for /dev/input/event5 13:69
[ 10795.758] (**) HID 0b38:0010 Consumer Control: always reports core events
[ 10795.758] (**) Option "Device" "/dev/input/event5"
[ 10795.758] (**) Option "_source" "_driver/libinput"
[ 10795.758] (II) libinput: HID 0b38:0010 Consumer Control: is a virtual subdevice
[ 10795.758] (**) Option "config_info" "udev:/sys/devices/pci0000:00/0000:00:14.0/usb1/1-3/1-3:1.1/0003:0B38:0010.0002/input/input5/event5"
[ 10795.758] (II) XINPUT: Adding extended input device "HID 0b38:0010 Consumer Control" (type: KEYBOARD, id 14)
[ 10795.806] (II) AMDGPU(0): Allocate new frame buffer 2400x1350
[ 10795.806] (II) AMDGPU(0):  => pitch 9728 bytes
[ 10805.152] (EE) event3  - HID 0b38:0010: client bug: event processing lagging behind by 24ms, your system is too slow
[ 11035.155] (EE) event3  - HID 0b38:0010: client bug: event processing lagging behind by 27ms, your system is too slow
[ 11214.087] (EE) event3  - HID 0b38:0010: client bug: event processing lagging behind by 35ms, your system is too slow
[ 11934.311] (EE) event3  - HID 0b38:0010: client bug: event processing lagging behind by 17ms, your system is too slow
[ 12052.941] (EE) event3  - HID 0b38:0010: client bug: event processing lagging behind by 16ms, your system is too slow
[ 12052.941] (EE) event3  - HID 0b38:0010: WARNING: log rate limit exceeded (5 msgs per 60min). Discarding future messages.
[ 13475.017] (**) Option "fd" "25"
[ 13475.017] (II) event2  - Power Button: device removed
[ 13475.017] (**) Option "fd" "28"
[ 13475.017] (II) event1  - Power Button: device removed
[ 13475.017] (**) Option "fd" "29"
[ 13475.017] (II) event0  - Sleep Button: device removed
[ 13475.017] (**) Option "fd" "30"
[ 13475.017] (II) event3  - HID 0b38:0010: device removed
[ 13475.017] (**) Option "fd" "31"
[ 13475.018] (II) event4  - HID 0b38:0010 System Control: device removed
[ 13475.018] (**) Option "fd" "32"
[ 13475.018] (**) Option "fd" "33"
[ 13475.018] (II) event6  - USB Optical Mouse: device removed
[ 13475.018] (**) Option "fd" "34"
[ 13475.018] (II) event8  - Eee PC WMI hotkeys: device removed
[ 13475.018] (**) Option "fd" "32"
[ 13475.018] (II) event5  - HID 0b38:0010 Consumer Control: device removed
[ 13475.019] (II) UnloadModule: "libinput"
[ 13475.019] (II) systemd-logind: not releasing fd for 13:69, still in use
[ 13475.019] (II) UnloadModule: "libinput"
[ 13475.019] (II) systemd-logind: releasing fd for 13:72
[ 13475.077] (II) UnloadModule: "libinput"
[ 13475.077] (II) systemd-logind: releasing fd for 13:70
[ 13475.171] (II) UnloadModule: "libinput"
[ 13475.171] (II) systemd-logind: releasing fd for 13:69
[ 13475.224] (II) UnloadModule: "libinput"
[ 13475.224] (II) systemd-logind: releasing fd for 13:68
[ 13475.258] (II) UnloadModule: "libinput"
[ 13475.258] (II) systemd-logind: releasing fd for 13:67
[ 13475.299] (II) UnloadModule: "libinput"
[ 13475.299] (II) systemd-logind: releasing fd for 13:64
[ 13475.357] (II) UnloadModule: "libinput"
[ 13475.357] (II) systemd-logind: releasing fd for 13:65
[ 13475.385] (II) UnloadModule: "libinput"
[ 13475.385] (II) systemd-logind: releasing fd for 13:66
[ 13475.485] (II) Server terminated successfully (0). Closing log file.
